<?xml version="1.0" encoding="UTF-8"?>
<testng-results skipped="1" failed="0" total="1" passed="0">
  <reporter-output>
  </reporter-output>
  <suite name="Default suite" duration-ms="171" started-at="2018-07-03T09:38:59Z" finished-at="2018-07-03T09:38:59Z">
    <groups>
    </groups>
    <test name="Default test" duration-ms="171" started-at="2018-07-03T09:38:59Z" finished-at="2018-07-03T09:38:59Z">
      <class name="com.qa.webtable.dynamictable">
        <test-method status="FAIL" signature="setup()[pri:0, instance:com.qa.webtable.dynamictable@48eff760]" name="setup" is-config="true" duration-ms="0" started-at="2018-07-03T15:08:59Z" finished-at="2018-07-03T15:08:59Z">
          <exception class="java.lang.IllegalStateException">
            <message>
              <![CDATA[The driver executable does not exist: C:\Users\sai\git\Testproject\TestProject\.\chromedriver.exe]]>
            </message>
            <full-stacktrace>
              <![CDATA[java.lang.IllegalStateException: The driver executable does not exist: C:\Users\sai\git\Testproject\TestProject\.\chromedriver.exe
	at com.google.common.base.Preconditions.checkState(Preconditions.java:199)
	at org.openqa.selenium.remote.service.DriverService.checkExecutable(DriverService.java:121)
	at org.openqa.selenium.remote.service.DriverService.findExecutable(DriverService.java:116)
	at org.openqa.selenium.chrome.ChromeDriverService.access$0(ChromeDriverService.java:1)
	at org.openqa.selenium.chrome.ChromeDriverService$Builder.findDefaultExecutable(ChromeDriverService.java:137)
	at org.openqa.selenium.remote.service.DriverService$Builder.build(DriverService.java:296)
	at org.openqa.selenium.chrome.ChromeDriverService.createDefaultService(ChromeDriverService.java:88)
	at org.openqa.selenium.chrome.ChromeDriver.<init>(ChromeDriver.java:116)
	at com.qa.webtable.dynamictable.setup(dynamictable.java:18)
	at sun.reflect.NativeMethodAccessorImpl.invoke0(Native Method)
	at sun.reflect.NativeMethodAccessorImpl.invoke(Unknown Source)
	at sun.reflect.DelegatingMethodAccessorImpl.invoke(Unknown Source)
	at java.lang.reflect.Method.invoke(Unknown Source)
	at org.testng.internal.MethodInvocationHelper.invokeMethod(MethodInvocationHelper.java:85)
	at org.testng.internal.Invoker.invokeConfigurationMethod(Invoker.java:510)
	at org.testng.internal.Invoker.invokeConfigurations(Invoker.java:211)
	at org.testng.internal.Invoker.invokeConfigurations(Invoker.java:138)
	at org.testng.TestRunner.beforeRun(TestRunner.java:648)
	at org.testng.TestRunner.run(TestRunner.java:616)
	at org.testng.SuiteRunner.runTest(SuiteRunner.java:359)
	at org.testng.SuiteRunner.runSequentially(SuiteRunner.java:354)
	at org.testng.SuiteRunner.privateRun(SuiteRunner.java:312)
	at org.testng.SuiteRunner.run(SuiteRunner.java:261)
	at org.testng.SuiteRunnerWorker.runSuite(SuiteRunnerWorker.java:52)
	at org.testng.SuiteRunnerWorker.run(SuiteRunnerWorker.java:86)
	at org.testng.TestNG.runSuitesSequentially(TestNG.java:1215)
	at org.testng.TestNG.runSuitesLocally(TestNG.java:1140)
	at org.testng.TestNG.run(TestNG.java:1048)
	at org.testng.remote.AbstractRemoteTestNG.run(AbstractRemoteTestNG.java:114)
	at org.testng.remote.RemoteTestNG.initAndRun(RemoteTestNG.java:251)
	at org.testng.remote.RemoteTestNG.main(RemoteTestNG.java:77)
]]>
            </full-stacktrace>
          </exception> <!-- java.lang.IllegalStateException -->
          <reporter-output>
          </reporter-output>
        </test-method> <!-- setup -->
        <test-method status="SKIP" signature="getdata()[pri:0, instance:com.qa.webtable.dynamictable@48eff760]" name="getdata" duration-ms="4" started-at="2018-07-03T15:08:59Z" finished-at="2018-07-03T15:08:59Z">
          <reporter-output>
          </reporter-output>
        </test-method> <!-- getdata -->
        <test-method status="SKIP" signature="enddata()[pri:0, instance:com.qa.webtable.dynamictable@48eff760]" name="enddata" is-config="true" duration-ms="0" started-at="2018-07-03T15:08:59Z" finished-at="2018-07-03T15:08:59Z">
          <reporter-output>
          </reporter-output>
        </test-method> <!-- enddata -->
      </class> <!-- com.qa.webtable.dynamictable -->
    </test> <!-- Default test -->
  </suite> <!-- Default suite -->
</testng-results>
